<?xml version="1.0" encoding="UTF-8"?>
<coverage generated="1730592124282" clover="3.2.0">
  <project timestamp="1730592124282" name="All files">
    <metrics statements="39" coveredstatements="33" conditionals="8" coveredconditionals="6" methods="16" coveredmethods="13" elements="63" coveredelements="52" complexity="0" loc="39" ncloc="39" packages="4" files="6" classes="6"/>
    <package name="cypress.component">
      <metrics statements="20" coveredstatements="20" conditionals="0" coveredconditionals="0" methods="5" coveredmethods="5"/>
      <file name="FormMultiSelect.cy.tsx" path="D:\Projects\2024\Freya art\cypress\component\FormMultiSelect.cy.tsx">
        <metrics statements="20" coveredstatements="20" conditionals="0" coveredconditionals="0" methods="5" coveredmethods="5"/>
        <line num="5" count="4" type="stmt"/>
        <line num="6" count="4" type="stmt"/>
        <line num="14" count="4" type="stmt"/>
        <line num="15" count="9" type="stmt"/>
        <line num="18" count="4" type="stmt"/>
        <line num="19" count="4" type="stmt"/>
        <line num="29" count="4" type="stmt"/>
        <line num="30" count="4" type="stmt"/>
        <line num="31" count="4" type="stmt"/>
        <line num="34" count="4" type="stmt"/>
        <line num="35" count="3" type="stmt"/>
        <line num="44" count="3" type="stmt"/>
        <line num="47" count="4" type="stmt"/>
        <line num="48" count="2" type="stmt"/>
        <line num="50" count="2" type="stmt"/>
        <line num="60" count="2" type="stmt"/>
        <line num="61" count="2" type="stmt"/>
        <line num="62" count="2" type="stmt"/>
        <line num="63" count="2" type="stmt"/>
        <line num="65" count="2" type="stmt"/>
      </file>
    </package>
    <package name="cypress.support">
      <metrics statements="6" coveredstatements="2" conditionals="0" coveredconditionals="0" methods="1" coveredmethods="0"/>
      <file name="commands.ts" path="D:\Projects\2024\Freya art\cypress\support\commands.ts">
        <metrics statements="5" coveredstatements="1" conditionals="0" coveredconditionals="0" methods="1" coveredmethods="0"/>
        <line num="15" count="4" type="stmt"/>
        <line num="16" count="0" type="stmt"/>
        <line num="17" count="0" type="stmt"/>
        <line num="18" count="0" type="stmt"/>
        <line num="19" count="0" type="stmt"/>
      </file>
      <file name="component.ts" path="D:\Projects\2024\Freya art\cypress\support\component.ts">
        <metrics statements="1" coveredstatements="1" conditionals="0" coveredconditionals="0" methods="0" coveredmethods="0"/>
        <line num="34" count="4" type="stmt"/>
      </file>
    </package>
    <package name="src.ui-library.inputs.FormInput">
      <metrics statements="4" coveredstatements="3" conditionals="2" coveredconditionals="0" methods="1" coveredmethods="0"/>
      <file name="styles.ts" path="D:\Projects\2024\Freya art\src\ui-library\inputs\FormInput\styles.ts">
        <metrics statements="4" coveredstatements="3" conditionals="2" coveredconditionals="0" methods="1" coveredmethods="0"/>
        <line num="4" count="4" type="stmt"/>
        <line num="8" count="0" type="cond" truecount="0" falsecount="2"/>
        <line num="11" count="4" type="stmt"/>
        <line num="20" count="4" type="stmt"/>
      </file>
    </package>
    <package name="src.ui-library.inputs.FormMultiSelect">
      <metrics statements="9" coveredstatements="8" conditionals="6" coveredconditionals="6" methods="9" coveredmethods="8"/>
      <file name="FormMultiSelect.tsx" path="D:\Projects\2024\Freya art\src\ui-library\inputs\FormMultiSelect\FormMultiSelect.tsx">
        <metrics statements="9" coveredstatements="8" conditionals="6" coveredconditionals="6" methods="9" coveredmethods="8"/>
        <line num="6" count="9" type="stmt"/>
        <line num="7" count="23" type="stmt"/>
        <line num="11" count="23" type="stmt"/>
        <line num="21" count="23" type="stmt"/>
        <line num="27" count="12" type="stmt"/>
        <line num="31" count="0" type="stmt"/>
        <line num="37" count="4" type="stmt"/>
        <line num="38" count="9" type="stmt"/>
        <line num="45" count="4" type="stmt"/>
      </file>
      <file name="index.ts" path="D:\Projects\2024\Freya art\src\ui-library\inputs\FormMultiSelect\index.ts">
        <metrics statements="0" coveredstatements="0" conditionals="0" coveredconditionals="0" methods="0" coveredmethods="0"/>
      </file>
    </package>
  </project>
</coverage>
