{"D:\\Projects\\2024\\Freya art\\cypress\\component\\FormMultiSelect.cy.tsx": {"path":"D:\\Projects\\2024\\Freya art\\cypress\\component\\FormMultiSelect.cy.tsx","statementMap":{"0":{"start":{"line":5,"column":0},"end":{"line":67,"column":3}},"1":{"start":{"line":6,"column":24},"end":{"line":10,"column":5}},"2":{"start":{"line":14,"column":4},"end":{"line":16,"column":7}},"3":{"start":{"line":15,"column":8},"end":{"line":15,"column":33}},"4":{"start":{"line":18,"column":4},"end":{"line":32,"column":7}},"5":{"start":{"line":19,"column":8},"end":{"line":27,"column":10}},"6":{"start":{"line":29,"column":8},"end":{"line":29,"column":58}},"7":{"start":{"line":30,"column":8},"end":{"line":30,"column":80}},"8":{"start":{"line":31,"column":8},"end":{"line":31,"column":60}},"9":{"start":{"line":34,"column":4},"end":{"line":45,"column":7}},"10":{"start":{"line":35,"column":8},"end":{"line":43,"column":10}},"11":{"start":{"line":44,"column":8},"end":{"line":44,"column":78}},"12":{"start":{"line":47,"column":4},"end":{"line":66,"column":7}},"13":{"start":{"line":48,"column":25},"end":{"line":48,"column":45}},"14":{"start":{"line":50,"column":8},"end":{"line":58,"column":10}},"15":{"start":{"line":60,"column":8},"end":{"line":60,"column":50}},"16":{"start":{"line":61,"column":8},"end":{"line":61,"column":40}},"17":{"start":{"line":62,"column":8},"end":{"line":62,"column":50}},"18":{"start":{"line":63,"column":8},"end":{"line":63,"column":40}},"19":{"start":{"line":65,"column":8},"end":{"line":65,"column":58}}},"fnMap":{"0":{"name":"(anonymous_0)","decl":{"start":{"line":5,"column":38},"end":{"line":5,"column":39}},"loc":{"start":{"line":5,"column":44},"end":{"line":67,"column":1}},"line":5},"1":{"name":"(anonymous_1)","decl":{"start":{"line":14,"column":15},"end":{"line":14,"column":16}},"loc":{"start":{"line":14,"column":21},"end":{"line":16,"column":5}},"line":14},"2":{"name":"(anonymous_2)","decl":{"start":{"line":18,"column":42},"end":{"line":18,"column":43}},"loc":{"start":{"line":18,"column":48},"end":{"line":32,"column":5}},"line":18},"3":{"name":"(anonymous_3)","decl":{"start":{"line":34,"column":61},"end":{"line":34,"column":62}},"loc":{"start":{"line":34,"column":67},"end":{"line":45,"column":5}},"line":34},"4":{"name":"(anonymous_4)","decl":{"start":{"line":47,"column":47},"end":{"line":47,"column":48}},"loc":{"start":{"line":47,"column":53},"end":{"line":66,"column":5}},"line":47}},"branchMap":{},"s":{"0":4,"1":4,"2":4,"3":9,"4":4,"5":4,"6":4,"7":4,"8":4,"9":4,"10":3,"11":3,"12":4,"13":2,"14":2,"15":2,"16":2,"17":2,"18":2,"19":2},"f":{"0":4,"1":9,"2":4,"3":3,"4":2},"b":{},"_coverageSchema":"1a1c01bbd47fc00a2c39e90264f33305004495a9","hash":"ae612138b12e13ccbeca724b95def8591320c1ff"}
,"D:\\Projects\\2024\\Freya art\\cypress\\support\\commands.ts": {"path":"D:\\Projects\\2024\\Freya art\\cypress\\support\\commands.ts","statementMap":{"0":{"start":{"line":15,"column":0},"end":{"line":20,"column":3}},"1":{"start":{"line":16,"column":4},"end":{"line":16,"column":25}},"2":{"start":{"line":17,"column":4},"end":{"line":17,"column":46}},"3":{"start":{"line":18,"column":4},"end":{"line":18,"column":52}},"4":{"start":{"line":19,"column":4},"end":{"line":19,"column":48}}},"fnMap":{"0":{"name":"(anonymous_0)","decl":{"start":{"line":15,"column":30},"end":{"line":15,"column":31}},"loc":{"start":{"line":15,"column":67},"end":{"line":20,"column":1}},"line":15}},"branchMap":{},"s":{"0":4,"1":0,"2":0,"3":0,"4":0},"f":{"0":0},"b":{},"_coverageSchema":"1a1c01bbd47fc00a2c39e90264f33305004495a9","hash":"775ddb97f4980ddc95219b14489727433c044e31"}
,"D:\\Projects\\2024\\Freya art\\cypress\\support\\component.ts": {"path":"D:\\Projects\\2024\\Freya art\\cypress\\support\\component.ts","statementMap":{"0":{"start":{"line":34,"column":0},"end":{"line":34,"column":37}}},"fnMap":{},"branchMap":{},"s":{"0":4},"f":{},"b":{},"_coverageSchema":"1a1c01bbd47fc00a2c39e90264f33305004495a9","hash":"68b320d6c3e51c09042573d118ed4c18b3142869"}
,"D:\\Projects\\2024\\Freya art\\src\\ui-library\\inputs\\FormInput\\styles.ts": {"path":"D:\\Projects\\2024\\Freya art\\src\\ui-library\\inputs\\FormInput\\styles.ts","statementMap":{"0":{"start":{"line":4,"column":27},"end":{"line":9,"column":1}},"1":{"start":{"line":8,"column":36},"end":{"line":8,"column":67}},"2":{"start":{"line":11,"column":27},"end":{"line":18,"column":1}},"3":{"start":{"line":20,"column":25},"end":{"line":25,"column":1}}},"fnMap":{"0":{"name":"(anonymous_0)","decl":{"start":{"line":8,"column":18},"end":{"line":8,"column":19}},"loc":{"start":{"line":8,"column":36},"end":{"line":8,"column":67}},"line":8}},"branchMap":{"0":{"loc":{"start":{"line":8,"column":36},"end":{"line":8,"column":67}},"type":"cond-expr","locations":[{"start":{"line":8,"column":46},"end":{"line":8,"column":55}},{"start":{"line":8,"column":58},"end":{"line":8,"column":67}}],"line":8}},"s":{"0":4,"1":0,"2":4,"3":4},"f":{"0":0},"b":{"0":[0,0]},"_coverageSchema":"1a1c01bbd47fc00a2c39e90264f33305004495a9","hash":"34fe41a937c2df0d26b6386c3d20139f9405c79d"}
,"D:\\Projects\\2024\\Freya art\\src\\ui-library\\inputs\\FormMultiSelect\\FormMultiSelect.tsx": {"path":"D:\\Projects\\2024\\Freya art\\src\\ui-library\\inputs\\FormMultiSelect\\FormMultiSelect.tsx","statementMap":{"0":{"start":{"line":6,"column":21},"end":{"line":35,"column":2}},"1":{"start":{"line":6,"column":44},"end":{"line":35,"column":1}},"2":{"start":{"line":7,"column":31},"end":{"line":10,"column":5}},"3":{"start":{"line":11,"column":29},"end":{"line":20,"column":5}},"4":{"start":{"line":21,"column":36},"end":{"line":26,"column":5}},"5":{"start":{"line":27,"column":28},"end":{"line":30,"column":5}},"6":{"start":{"line":31,"column":32},"end":{"line":34,"column":5}},"7":{"start":{"line":37,"column":54},"end":{"line":49,"column":1}},"8":{"start":{"line":38,"column":4},"end":{"line":48,"column":16}},"9":{"start":{"line":45,"column":34},"end":{"line":45,"column":70}},"10":{"start":{"line":45,"column":61},"end":{"line":45,"column":68}}},"fnMap":{"0":{"name":"(anonymous_0)","decl":{"start":{"line":6,"column":21},"end":{"line":6,"column":22}},"loc":{"start":{"line":6,"column":44},"end":{"line":35,"column":1}},"line":6},"1":{"name":"(anonymous_1)","decl":{"start":{"line":7,"column":15},"end":{"line":7,"column":16}},"loc":{"start":{"line":7,"column":31},"end":{"line":10,"column":5}},"line":7},"2":{"name":"(anonymous_2)","decl":{"start":{"line":11,"column":13},"end":{"line":11,"column":14}},"loc":{"start":{"line":11,"column":29},"end":{"line":20,"column":5}},"line":11},"3":{"name":"(anonymous_3)","decl":{"start":{"line":21,"column":20},"end":{"line":21,"column":21}},"loc":{"start":{"line":21,"column":36},"end":{"line":26,"column":5}},"line":21},"4":{"name":"(anonymous_4)","decl":{"start":{"line":27,"column":12},"end":{"line":27,"column":13}},"loc":{"start":{"line":27,"column":28},"end":{"line":30,"column":5}},"line":27},"5":{"name":"(anonymous_5)","decl":{"start":{"line":31,"column":16},"end":{"line":31,"column":17}},"loc":{"start":{"line":31,"column":32},"end":{"line":34,"column":5}},"line":31},"6":{"name":"(anonymous_6)","decl":{"start":{"line":37,"column":54},"end":{"line":37,"column":55}},"loc":{"start":{"line":38,"column":4},"end":{"line":48,"column":16}},"line":38},"7":{"name":"(anonymous_7)","decl":{"start":{"line":45,"column":22},"end":{"line":45,"column":23}},"loc":{"start":{"line":45,"column":34},"end":{"line":45,"column":70}},"line":45},"8":{"name":"(anonymous_8)","decl":{"start":{"line":45,"column":54},"end":{"line":45,"column":55}},"loc":{"start":{"line":45,"column":61},"end":{"line":45,"column":68}},"line":45}},"branchMap":{"0":{"loc":{"start":{"line":13,"column":21},"end":{"line":13,"column":52}},"type":"cond-expr","locations":[{"start":{"line":13,"column":31},"end":{"line":13,"column":40}},{"start":{"line":13,"column":43},"end":{"line":13,"column":52}}],"line":13},"1":{"loc":{"start":{"line":14,"column":34},"end":{"line":14,"column":65}},"type":"cond-expr","locations":[{"start":{"line":14,"column":44},"end":{"line":14,"column":53}},{"start":{"line":14,"column":56},"end":{"line":14,"column":65}}],"line":14},"2":{"loc":{"start":{"line":47,"column":22},"end":{"line":47,"column":33}},"type":"binary-expr","locations":[{"start":{"line":47,"column":22},"end":{"line":47,"column":27}},{"start":{"line":47,"column":31},"end":{"line":47,"column":33}}],"line":47}},"s":{"0":4,"1":9,"2":23,"3":23,"4":23,"5":12,"6":0,"7":4,"8":9,"9":4,"10":4},"f":{"0":9,"1":23,"2":23,"3":23,"4":12,"5":0,"6":9,"7":4,"8":4},"b":{"0":[3,20],"1":[3,20],"2":[9,6]},"_coverageSchema":"1a1c01bbd47fc00a2c39e90264f33305004495a9","hash":"f5d1fd0e9823aef2f6a23096d469545ef0c5388f"}
,"D:\\Projects\\2024\\Freya art\\src\\ui-library\\inputs\\FormMultiSelect\\index.ts": {"path":"D:\\Projects\\2024\\Freya art\\src\\ui-library\\inputs\\FormMultiSelect\\index.ts","statementMap":{},"fnMap":{},"branchMap":{},"s":{},"f":{},"b":{},"_coverageSchema":"1a1c01bbd47fc00a2c39e90264f33305004495a9","hash":"734bed2a580f4a344a1395aee72e647019794a1c"}
}
