{"total": {"lines":{"total":76,"covered":41,"skipped":0,"pct":53.94},"statements":{"total":78,"covered":41,"skipped":0,"pct":52.56},"functions":{"total":21,"covered":6,"skipped":0,"pct":28.57},"branches":{"total":26,"covered":11,"skipped":0,"pct":42.3},"branchesTrue":{"total":0,"covered":0,"skipped":0,"pct":100}}
,"D:\\Projects\\2024\\Freya art\\cypress\\component\\UserInfo.cy.tsx": {"lines":{"total":8,"covered":8,"skipped":0,"pct":100},"functions":{"total":4,"covered":4,"skipped":0,"pct":100},"statements":{"total":8,"covered":8,"skipped":0,"pct":100},"branches":{"total":0,"covered":0,"skipped":0,"pct":100}}
,"D:\\Projects\\2024\\Freya art\\cypress\\support\\commands.ts": {"lines":{"total":5,"covered":1,"skipped":0,"pct":20},"functions":{"total":1,"covered":0,"skipped":0,"pct":0},"statements":{"total":5,"covered":1,"skipped":0,"pct":20},"branches":{"total":0,"covered":0,"skipped":0,"pct":100}}
,"D:\\Projects\\2024\\Freya art\\cypress\\support\\component.ts": {"lines":{"total":1,"covered":1,"skipped":0,"pct":100},"functions":{"total":0,"covered":0,"skipped":0,"pct":100},"statements":{"total":1,"covered":1,"skipped":0,"pct":100},"branches":{"total":0,"covered":0,"skipped":0,"pct":100}}
,"D:\\Projects\\2024\\Freya art\\src\\api\\firebase.ts": {"lines":{"total":5,"covered":5,"skipped":0,"pct":100},"functions":{"total":0,"covered":0,"skipped":0,"pct":100},"statements":{"total":5,"covered":5,"skipped":0,"pct":100},"branches":{"total":12,"covered":6,"skipped":0,"pct":50}}
,"D:\\Projects\\2024\\Freya art\\src\\api\\helpers.ts": {"lines":{"total":4,"covered":1,"skipped":0,"pct":25},"functions":{"total":1,"covered":0,"skipped":0,"pct":0},"statements":{"total":4,"covered":1,"skipped":0,"pct":25},"branches":{"total":1,"covered":0,"skipped":0,"pct":0}}
,"D:\\Projects\\2024\\Freya art\\src\\api\\query.ts": {"lines":{"total":1,"covered":1,"skipped":0,"pct":100},"functions":{"total":0,"covered":0,"skipped":0,"pct":100},"statements":{"total":1,"covered":1,"skipped":0,"pct":100},"branches":{"total":0,"covered":0,"skipped":0,"pct":100}}
,"D:\\Projects\\2024\\Freya art\\src\\api\\user\\index.ts": {"lines":{"total":22,"covered":6,"skipped":0,"pct":27.27},"functions":{"total":10,"covered":1,"skipped":0,"pct":10},"statements":{"total":23,"covered":6,"skipped":0,"pct":26.08},"branches":{"total":4,"covered":0,"skipped":0,"pct":0}}
,"D:\\Projects\\2024\\Freya art\\src\\modules\\Profile\\components\\UserInfo\\UserInfo.tsx": {"lines":{"total":14,"covered":5,"skipped":0,"pct":35.71},"functions":{"total":3,"covered":1,"skipped":0,"pct":33.33},"statements":{"total":15,"covered":5,"skipped":0,"pct":33.33},"branches":{"total":9,"covered":5,"skipped":0,"pct":55.55}}
,"D:\\Projects\\2024\\Freya art\\src\\modules\\Profile\\components\\UserInfo\\styles.ts": {"lines":{"total":9,"covered":9,"skipped":0,"pct":100},"functions":{"total":0,"covered":0,"skipped":0,"pct":100},"statements":{"total":9,"covered":9,"skipped":0,"pct":100},"branches":{"total":0,"covered":0,"skipped":0,"pct":100}}
,"D:\\Projects\\2024\\Freya art\\src\\store\\store.ts": {"lines":{"total":1,"covered":1,"skipped":0,"pct":100},"functions":{"total":0,"covered":0,"skipped":0,"pct":100},"statements":{"total":1,"covered":1,"skipped":0,"pct":100},"branches":{"total":0,"covered":0,"skipped":0,"pct":100}}
,"D:\\Projects\\2024\\Freya art\\src\\store\\reducers\\auth\\authSlice.ts": {"lines":{"total":6,"covered":3,"skipped":0,"pct":50},"functions":{"total":2,"covered":0,"skipped":0,"pct":0},"statements":{"total":6,"covered":3,"skipped":0,"pct":50},"branches":{"total":0,"covered":0,"skipped":0,"pct":100}}
,"D:\\Projects\\2024\\Freya art\\src\\types\\index.ts": {"lines":{"total":0,"covered":0,"skipped":0,"pct":0},"functions":{"total":0,"covered":0,"skipped":0,"pct":0},"statements":{"total":0,"covered":0,"skipped":0,"pct":0},"branches":{"total":0,"covered":0,"skipped":0,"pct":0}}
}
