{"total": {"lines":{"total":39,"covered":33,"skipped":0,"pct":84.61},"statements":{"total":41,"covered":35,"skipped":0,"pct":85.36},"functions":{"total":16,"covered":13,"skipped":0,"pct":81.25},"branches":{"total":8,"covered":6,"skipped":0,"pct":75},"branchesTrue":{"total":0,"covered":0,"skipped":0,"pct":100}}
,"D:\\Projects\\2024\\Freya art\\cypress\\component\\FormMultiSelect.cy.tsx": {"lines":{"total":20,"covered":20,"skipped":0,"pct":100},"functions":{"total":5,"covered":5,"skipped":0,"pct":100},"statements":{"total":20,"covered":20,"skipped":0,"pct":100},"branches":{"total":0,"covered":0,"skipped":0,"pct":100}}
,"D:\\Projects\\2024\\Freya art\\cypress\\support\\commands.ts": {"lines":{"total":5,"covered":1,"skipped":0,"pct":20},"functions":{"total":1,"covered":0,"skipped":0,"pct":0},"statements":{"total":5,"covered":1,"skipped":0,"pct":20},"branches":{"total":0,"covered":0,"skipped":0,"pct":100}}
,"D:\\Projects\\2024\\Freya art\\cypress\\support\\component.ts": {"lines":{"total":1,"covered":1,"skipped":0,"pct":100},"functions":{"total":0,"covered":0,"skipped":0,"pct":100},"statements":{"total":1,"covered":1,"skipped":0,"pct":100},"branches":{"total":0,"covered":0,"skipped":0,"pct":100}}
,"D:\\Projects\\2024\\Freya art\\src\\ui-library\\inputs\\FormInput\\styles.ts": {"lines":{"total":4,"covered":3,"skipped":0,"pct":75},"functions":{"total":1,"covered":0,"skipped":0,"pct":0},"statements":{"total":4,"covered":3,"skipped":0,"pct":75},"branches":{"total":2,"covered":0,"skipped":0,"pct":0}}
,"D:\\Projects\\2024\\Freya art\\src\\ui-library\\inputs\\FormMultiSelect\\FormMultiSelect.tsx": {"lines":{"total":9,"covered":8,"skipped":0,"pct":88.88},"functions":{"total":9,"covered":8,"skipped":0,"pct":88.88},"statements":{"total":11,"covered":10,"skipped":0,"pct":90.9},"branches":{"total":6,"covered":6,"skipped":0,"pct":100}}
,"D:\\Projects\\2024\\Freya art\\src\\ui-library\\inputs\\FormMultiSelect\\index.ts": {"lines":{"total":0,"covered":0,"skipped":0,"pct":0},"functions":{"total":0,"covered":0,"skipped":0,"pct":0},"statements":{"total":0,"covered":0,"skipped":0,"pct":0},"branches":{"total":0,"covered":0,"skipped":0,"pct":0}}
}
