TN:
SF:cypress\component\UserInfo.cy.tsx
FN:11,(anonymous_0)
FN:12,(anonymous_1)
FN:29,(anonymous_2)
FN:34,(anonymous_3)
FNF:4
FNH:4
FNDA:3,(anonymous_0)
FNDA:5,(anonymous_1)
FNDA:3,(anonymous_2)
FNDA:2,(anonymous_3)
DA:11,3
DA:12,3
DA:13,5
DA:29,3
DA:30,3
DA:31,3
DA:34,3
DA:35,2
LF:8
LH:8
BRF:0
BRH:0
end_of_record
TN:
SF:cypress\support\commands.ts
FN:15,(anonymous_0)
FNF:1
FNH:0
FNDA:0,(anonymous_0)
DA:15,3
DA:16,0
DA:17,0
DA:18,0
DA:19,0
LF:5
LH:1
BRF:0
BRH:0
end_of_record
TN:
SF:cypress\support\component.ts
FNF:0
FNH:0
DA:34,3
LF:1
LH:1
BRF:0
BRH:0
end_of_record
TN:
SF:src\api\firebase.ts
FNF:0
FNH:0
DA:7,3
DA:15,3
DA:16,3
DA:17,3
DA:18,3
LF:5
LH:5
BRDA:8,0,0,3
BRDA:8,0,1,0
BRDA:9,1,0,3
BRDA:9,1,1,0
BRDA:10,2,0,3
BRDA:10,2,1,0
BRDA:11,3,0,3
BRDA:11,3,1,0
BRDA:12,4,0,3
BRDA:12,4,1,0
BRDA:13,5,0,3
BRDA:13,5,1,0
BRF:12
BRH:6
end_of_record
TN:
SF:src\api\helpers.ts
FN:4,(anonymous_0)
FNF:1
FNH:0
FNDA:0,(anonymous_0)
DA:4,3
DA:5,0
DA:6,0
DA:7,0
LF:4
LH:1
BRDA:4,0,0,0
BRF:1
BRH:0
end_of_record
TN:
SF:src\api\query.ts
FNF:0
FNH:0
DA:3,3
LF:1
LH:1
BRF:0
BRH:0
end_of_record
TN:
SF:src\api\user\index.ts
FN:9,(anonymous_0)
FN:13,(anonymous_1)
FN:16,(anonymous_2)
FN:21,(anonymous_3)
FN:30,(anonymous_4)
FN:35,(anonymous_5)
FN:41,(anonymous_6)
FN:45,(anonymous_7)
FN:55,(anonymous_8)
FN:58,(anonymous_9)
FNF:10
FNH:1
FNDA:0,(anonymous_0)
FNDA:0,(anonymous_1)
FNDA:0,(anonymous_2)
FNDA:0,(anonymous_3)
FNDA:0,(anonymous_4)
FNDA:0,(anonymous_5)
FNDA:5,(anonymous_6)
FNDA:0,(anonymous_7)
FNDA:0,(anonymous_8)
FNDA:0,(anonymous_9)
DA:9,3
DA:10,0
DA:14,0
DA:15,0
DA:16,0
DA:21,3
DA:24,0
DA:26,0
DA:27,0
DA:30,3
DA:31,0
DA:36,0
DA:41,3
DA:42,5
DA:44,5
DA:46,0
DA:48,0
DA:49,0
DA:50,0
DA:52,0
DA:56,0
DA:59,0
LF:22
LH:6
BRDA:36,0,0,0
BRDA:36,0,1,0
BRDA:48,1,0,0
BRDA:48,1,1,0
BRF:4
BRH:0
end_of_record
TN:
SF:src\modules\Profile\components\UserInfo\UserInfo.tsx
FN:24,(anonymous_0)
FN:29,(anonymous_1)
FN:34,(anonymous_2)
FNF:3
FNH:1
FNDA:5,(anonymous_0)
FNDA:0,(anonymous_1)
FNDA:0,(anonymous_2)
DA:24,3
DA:25,5
DA:27,5
DA:29,5
DA:30,0
DA:31,0
DA:32,0
DA:33,0
DA:34,0
DA:35,0
DA:36,0
DA:38,0
DA:44,0
DA:49,5
LF:14
LH:5
BRDA:30,0,0,0
BRDA:30,0,1,0
BRDA:32,1,0,0
BRDA:32,1,1,0
BRDA:57,2,0,5
BRDA:57,2,1,5
BRDA:57,2,2,5
BRDA:58,3,0,5
BRDA:58,3,1,5
BRF:9
BRH:5
end_of_record
TN:
SF:src\modules\Profile\components\UserInfo\styles.ts
FNF:0
FNH:0
DA:3,3
DA:13,3
DA:19,3
DA:23,3
DA:27,3
DA:37,3
DA:41,3
DA:45,3
DA:56,3
LF:9
LH:9
BRF:0
BRH:0
end_of_record
TN:
SF:src\store\store.ts
FNF:0
FNH:0
DA:4,3
LF:1
LH:1
BRF:0
BRH:0
end_of_record
TN:
SF:src\store\reducers\auth\authSlice.ts
FN:16,(anonymous_0)
FN:20,(anonymous_1)
FNF:2
FNH:0
FNDA:0,(anonymous_0)
FNDA:0,(anonymous_1)
DA:8,3
DA:12,3
DA:17,0
DA:18,0
DA:21,0
DA:26,3
LF:6
LH:3
BRF:0
BRH:0
end_of_record
TN:
SF:src\types\index.ts
FNF:0
FNH:0
LF:0
LH:0
BRF:0
BRH:0
end_of_record
