TN:
SF:cypress\component\FormMultiSelect.cy.tsx
FN:5,(anonymous_0)
FN:14,(anonymous_1)
FN:18,(anonymous_2)
FN:34,(anonymous_3)
FN:47,(anonymous_4)
FNF:5
FNH:5
FNDA:4,(anonymous_0)
FNDA:9,(anonymous_1)
FNDA:4,(anonymous_2)
FNDA:3,(anonymous_3)
FNDA:2,(anonymous_4)
DA:5,4
DA:6,4
DA:14,4
DA:15,9
DA:18,4
DA:19,4
DA:29,4
DA:30,4
DA:31,4
DA:34,4
DA:35,3
DA:44,3
DA:47,4
DA:48,2
DA:50,2
DA:60,2
DA:61,2
DA:62,2
DA:63,2
DA:65,2
LF:20
LH:20
BRF:0
BRH:0
end_of_record
TN:
SF:cypress\support\commands.ts
FN:15,(anonymous_0)
FNF:1
FNH:0
FNDA:0,(anonymous_0)
DA:15,4
DA:16,0
DA:17,0
DA:18,0
DA:19,0
LF:5
LH:1
BRF:0
BRH:0
end_of_record
TN:
SF:cypress\support\component.ts
FNF:0
FNH:0
DA:34,4
LF:1
LH:1
BRF:0
BRH:0
end_of_record
TN:
SF:src\ui-library\inputs\FormInput\styles.ts
FN:8,(anonymous_0)
FNF:1
FNH:0
FNDA:0,(anonymous_0)
DA:4,4
DA:8,0
DA:11,4
DA:20,4
LF:4
LH:3
BRDA:8,0,0,0
BRDA:8,0,1,0
BRF:2
BRH:0
end_of_record
TN:
SF:src\ui-library\inputs\FormMultiSelect\FormMultiSelect.tsx
FN:6,(anonymous_0)
FN:7,(anonymous_1)
FN:11,(anonymous_2)
FN:21,(anonymous_3)
FN:27,(anonymous_4)
FN:31,(anonymous_5)
FN:37,(anonymous_6)
FN:45,(anonymous_7)
FN:45,(anonymous_8)
FNF:9
FNH:8
FNDA:9,(anonymous_0)
FNDA:23,(anonymous_1)
FNDA:23,(anonymous_2)
FNDA:23,(anonymous_3)
FNDA:12,(anonymous_4)
FNDA:0,(anonymous_5)
FNDA:9,(anonymous_6)
FNDA:4,(anonymous_7)
FNDA:4,(anonymous_8)
DA:6,9
DA:7,23
DA:11,23
DA:21,23
DA:27,12
DA:31,0
DA:37,4
DA:38,9
DA:45,4
LF:9
LH:8
BRDA:13,0,0,3
BRDA:13,0,1,20
BRDA:14,1,0,3
BRDA:14,1,1,20
BRDA:47,2,0,9
BRDA:47,2,1,6
BRF:6
BRH:6
end_of_record
TN:
SF:src\ui-library\inputs\FormMultiSelect\index.ts
FNF:0
FNH:0
LF:0
LH:0
BRF:0
BRH:0
end_of_record
